# JRE version: OpenJDK Runtime Environment (8.0_76-b03) (build 1.8.0_76-release-b03)
# Java VM: OpenJDK 64-Bit Server VM (25.76-b03 mixed mode windows-amd64 compressed oops)
Heap:
 PSYoungGen      total 150016K, used 16082K [0x00000000e0000000, 0x00000000ea980000, 0x0000000100000000)
  eden space 128512K, 11% used [0x00000000e0000000,0x00000000e0ef12b8,0x00000000e7d80000)
  from space 21504K, 3% used [0x00000000e9480000,0x00000000e9543750,0x00000000ea980000)
  to   space 22528K, 0% used [0x00000000e7d80000,0x00000000e7d80000,0x00000000e9380000)
 ParOldGen       total 59904K, used 35299K [0x00000000a0000000, 0x00000000a3a80000, 0x00000000e0000000)
  object space 59904K, 58% used [0x00000000a0000000,0x00000000a2278df0,0x00000000a3a80000)
 Metaspace       used 59696K, capacity 61420K, committed 61720K, reserved 1103872K
  class space    used 7792K, capacity 8152K, committed 8216K, reserved 1048576K
GC Heap History (10 events):
Event: 78.595 GC heap before
{Heap before GC invocations=19 (full 2):
 PSYoungGen      total 118784K, used 118758K [0x00000000e0000000, 0x00000000e9380000, 0x0000000100000000)
  eden space 102400K, 100% used [0x00000000e0000000,0x00000000e6400000,0x00000000e6400000)
  from space 16384K, 99% used [0x00000000e7900000,0x00000000e88f98f0,0x00000000e8900000)
  to   space 21504K, 0% used [0x00000000e6400000,0x00000000e6400000,0x00000000e7900000)
 ParOldGen       total 59904K, used 30595K [0x00000000a0000000, 0x00000000a3a80000, 0x00000000e0000000)
  object space 59904K, 51% used [0x00000000a0000000,0x00000000a1de0ee8,0x00000000a3a80000)
 Metaspace       used 56256K, capacity 57678K, committed 57776K, reserved 1099776K
  class space    used 7443K, capacity 7759K, committed 7856K, reserved 1048576K
Event: 78.648 GC heap after
Heap after GC invocations=19 (full 2):
 PSYoungGen      total 123904K, used 15237K [0x00000000e0000000, 0x00000000e9c80000, 0x0000000100000000)
  eden space 102400K, 0% used [0x00000000e0000000,0x00000000e0000000,0x00000000e6400000)
  from space 21504K, 70% used [0x00000000e6400000,0x00000000e72e16f0,0x00000000e7900000)
  to   space 22528K, 0% used [0x00000000e8680000,0x00000000e8680000,0x00000000e9c80000)
 ParOldGen       total 59904K, used 39271K [0x00000000a0000000, 0x00000000a3a80000, 0x00000000e0000000)
  object space 59904K, 65% used [0x00000000a0000000,0x00000000a2659c18,0x00000000a3a80000)
 Metaspace       used 56256K, capacity 57678K, committed 57776K, reserved 1099776K
  class space    used 7443K, capacity 7759K, committed 7856K, reserved 1048576K
}
Event: 82.415 GC heap before
{Heap before GC invocations=20 (full 2):
 PSYoungGen      total 123904K, used 49931K [0x00000000e0000000, 0x00000000e9c80000, 0x0000000100000000)
  eden space 102400K, 33% used [0x00000000e0000000,0x00000000e21e1600,0x00000000e6400000)
  from space 21504K, 70% used [0x00000000e6400000,0x00000000e72e16f0,0x00000000e7900000)
  to   space 22528K, 0% used [0x00000000e8680000,0x00000000e8680000,0x00000000e9c80000)
 ParOldGen       total 59904K, used 39271K [0x00000000a0000000, 0x00000000a3a80000, 0x00000000e0000000)
  object space 59904K, 65% used [0x00000000a0000000,0x00000000a2659c18,0x00000000a3a80000)
 Metaspace       used 57595K, capacity 59056K, committed 59160K, reserved 1099776K
  class space    used 7547K, capacity 7866K, committed 7960K, reserved 1048576K
Event: 82.437 GC heap after
Heap after GC invocations=20 (full 2):
 PSYoungGen      total 136704K, used 12331K [0x00000000e0000000, 0x00000000e9b80000, 0x0000000100000000)
  eden space 115200K, 0% used [0x00000000e0000000,0x00000000e0000000,0x00000000e7080000)
  from space 21504K, 57% used [0x00000000e8680000,0x00000000e928acf8,0x00000000e9b80000)
  to   space 22016K, 0% used [0x00000000e7080000,0x00000000e7080000,0x00000000e8600000)
 ParOldGen       total 59904K, used 39279K [0x00000000a0000000, 0x00000000a3a80000, 0x00000000e0000000)
  object space 59904K, 65% used [0x00000000a0000000,0x00000000a265bc18,0x00000000a3a80000)
 Metaspace       used 57595K, capacity 59056K, committed 59160K, reserved 1099776K
  class space    used 7547K, capacity 7866K, committed 7960K, reserved 1048576K
}
Event: 82.437 GC heap before
{Heap before GC invocations=21 (full 3):
 PSYoungGen      total 136704K, used 12331K [0x00000000e0000000, 0x00000000e9b80000, 0x0000000100000000)
  eden space 115200K, 0% used [0x00000000e0000000,0x00000000e0000000,0x00000000e7080000)
  from space 21504K, 57% used [0x00000000e8680000,0x00000000e928acf8,0x00000000e9b80000)
  to   space 22016K, 0% used [0x00000000e7080000,0x00000000e7080000,0x00000000e8600000)
 ParOldGen       total 59904K, used 39279K [0x00000000a0000000, 0x00000000a3a80000, 0x00000000e0000000)
  object space 59904K, 65% used [0x00000000a0000000,0x00000000a265bc18,0x00000000a3a80000)
 Metaspace       used 57595K, capacity 59056K, committed 59160K, reserved 1099776K
  class space    used 7547K, capacity 7866K, committed 7960K, reserved 1048576K
Event: 82.885 GC heap after
Heap after GC invocations=21 (full 3):
 PSYoungGen      total 136704K, used 0K [0x00000000e0000000, 0x00000000e9b80000, 0x0000000100000000)
  eden space 115200K, 0% used [0x00000000e0000000,0x00000000e0000000,0x00000000e7080000)
  from space 21504K, 0% used [0x00000000e8680000,0x00000000e8680000,0x00000000e9b80000)
  to   space 22016K, 0% used [0x00000000e7080000,0x00000000e7080000,0x00000000e8600000)
 ParOldGen       total 59904K, used 35283K [0x00000000a0000000, 0x00000000a3a80000, 0x00000000e0000000)
  object space 59904K, 58% used [0x00000000a0000000,0x00000000a2274df0,0x00000000a3a80000)
 Metaspace       used 57593K, capacity 59050K, committed 59160K, reserved 1099776K
  class space    used 7547K, capacity 7865K, committed 7960K, reserved 1048576K
}
Event: 83.546 GC heap before
{Heap before GC invocations=22 (full 3):
 PSYoungGen      total 136704K, used 114544K [0x00000000e0000000, 0x00000000e9b80000, 0x0000000100000000)
  eden space 115200K, 99% used [0x00000000e0000000,0x00000000e6fdc148,0x00000000e7080000)
  from space 21504K, 0% used [0x00000000e8680000,0x00000000e8680000,0x00000000e9b80000)
  to   space 22016K, 0% used [0x00000000e7080000,0x00000000e7080000,0x00000000e8600000)
 ParOldGen       total 59904K, used 35283K [0x00000000a0000000, 0x00000000a3a80000, 0x00000000e0000000)
  object space 59904K, 58% used [0x00000000a0000000,0x00000000a2274df0,0x00000000a3a80000)
 Metaspace       used 58417K, capacity 60076K, committed 60312K, reserved 1101824K
  class space    used 7673K, capacity 8034K, committed 8088K, reserved 1048576K
Event: 83.549 GC heap after
Heap after GC invocations=22 (full 3):
 PSYoungGen      total 137216K, used 1101K [0x00000000e0000000, 0x00000000eaa80000, 0x0000000100000000)
  eden space 115200K, 0% used [0x00000000e0000000,0x00000000e0000000,0x00000000e7080000)
  from space 22016K, 5% used [0x00000000e7080000,0x00000000e7193510,0x00000000e8600000)
  to   space 22528K, 0% used [0x00000000e9480000,0x00000000e9480000,0x00000000eaa80000)
 ParOldGen       total 59904K, used 35291K [0x00000000a0000000, 0x00000000a3a80000, 0x00000000e0000000)
  object space 59904K, 58% used [0x00000000a0000000,0x00000000a2276df0,0x00000000a3a80000)
 Metaspace       used 58417K, capacity 60076K, committed 60312K, reserved 1101824K
  class space    used 7673K, capacity 8034K, committed 8088K, reserved 1048576K
}
Event: 84.550 GC heap before
{Heap before GC invocations=23 (full 3):
 PSYoungGen      total 137216K, used 116301K [0x00000000e0000000, 0x00000000eaa80000, 0x0000000100000000)
  eden space 115200K, 100% used [0x00000000e0000000,0x00000000e7080000,0x00000000e7080000)
  from space 22016K, 5% used [0x00000000e7080000,0x00000000e7193510,0x00000000e8600000)
  to   space 22528K, 0% used [0x00000000e9480000,0x00000000e9480000,0x00000000eaa80000)
 ParOldGen       total 59904K, used 35291K [0x00000000a0000000, 0x00000000a3a80000, 0x00000000e0000000)
  object space 59904K, 58% used [0x00000000a0000000,0x00000000a2276df0,0x00000000a3a80000)
 Metaspace       used 58678K, capacity 60270K, committed 60312K, reserved 1101824K
  class space    used 7705K, capacity 8047K, committed 8088K, reserved 1048576K
Event: 84.553 GC heap after
Heap after GC invocations=23 (full 3):
 PSYoungGen      total 150016K, used 781K [0x00000000e0000000, 0x00000000ea980000, 0x0000000100000000)
  eden space 128512K, 0% used [0x00000000e0000000,0x00000000e0000000,0x00000000e7d80000)
  from space 21504K, 3% used [0x00000000e9480000,0x00000000e9543750,0x00000000ea980000)
  to   space 22528K, 0% used [0x00000000e7d80000,0x00000000e7d80000,0x00000000e9380000)
 ParOldGen       total 59904K, used 35299K [0x00000000a0000000, 0x00000000a3a80000, 0x00000000e0000000)
  object space 59904K, 58% used [0x00000000a0000000,0x00000000a2278df0,0x00000000a3a80000)
 Metaspace       used 58678K, capacity 60270K, committed 60312K, reserved 1101824K
  class space    used 7705K, capacity 8047K, committed 8088K, reserved 1048576K
}

