# JRE version: OpenJDK Runtime Environment (8.0_76-b03) (build 1.8.0_76-release-b03)
# Java VM: OpenJDK 64-Bit Server VM (25.76-b03 mixed mode windows-amd64 compressed oops)
Heap:
 PSYoungGen      total 205824K, used 96515K [0x00000000e0000000, 0x00000000f2f00000, 0x0000000100000000)
  eden space 188928K, 42% used [0x00000000e0000000,0x00000000e4dc1ba0,0x00000000eb880000)
  from space 16896K, 99% used [0x00000000eb880000,0x00000000ec8ff368,0x00000000ec900000)
  to   space 51200K, 0% used [0x00000000efd00000,0x00000000efd00000,0x00000000f2f00000)
 ParOldGen       total 215552K, used 138130K [0x00000000a0000000, 0x00000000ad280000, 0x00000000e0000000)
  object space 215552K, 64% used [0x00000000a0000000,0x00000000a86e4aa8,0x00000000ad280000)
 Metaspace       used 63165K, capacity 64824K, committed 65048K, reserved 1105920K
  class space    used 8071K, capacity 8450K, committed 8480K, reserved 1048576K
GC Heap History (10 events):
Event: 99.503 GC heap before
{Heap before GC invocations=28 (full 4):
 PSYoungGen      total 204800K, used 15841K [0x00000000e0000000, 0x00000000ede80000, 0x0000000100000000)
  eden space 188928K, 0% used [0x00000000e0000000,0x00000000e0000000,0x00000000eb880000)
  from space 15872K, 99% used [0x00000000ec900000,0x00000000ed8786e0,0x00000000ed880000)
  to   space 16896K, 0% used [0x00000000eb880000,0x00000000eb880000,0x00000000ec900000)
 ParOldGen       total 80384K, used 77124K [0x00000000a0000000, 0x00000000a4e80000, 0x00000000e0000000)
  object space 80384K, 95% used [0x00000000a0000000,0x00000000a4b51370,0x00000000a4e80000)
 Metaspace       used 63084K, capacity 64806K, committed 65048K, reserved 1105920K
  class space    used 8078K, capacity 8463K, committed 8480K, reserved 1048576K
Event: 100.603 GC heap after
Heap after GC invocations=28 (full 4):
 PSYoungGen      total 204800K, used 9099K [0x00000000e0000000, 0x00000000ede80000, 0x0000000100000000)
  eden space 188928K, 0% used [0x00000000e0000000,0x00000000e0000000,0x00000000eb880000)
  from space 15872K, 57% used [0x00000000ec900000,0x00000000ed1e2e60,0x00000000ed880000)
  to   space 16896K, 0% used [0x00000000eb880000,0x00000000eb880000,0x00000000ec900000)
 ParOldGen       total 147456K, used 80382K [0x00000000a0000000, 0x00000000a9000000, 0x00000000e0000000)
  object space 147456K, 54% used [0x00000000a0000000,0x00000000a4e7fa18,0x00000000a9000000)
 Metaspace       used 63065K, capacity 64760K, committed 65048K, reserved 1105920K
  class space    used 8071K, capacity 8450K, committed 8480K, reserved 1048576K
}
Event: 101.745 GC heap before
{Heap before GC invocations=29 (full 4):
 PSYoungGen      total 204800K, used 198027K [0x00000000e0000000, 0x00000000ede80000, 0x0000000100000000)
  eden space 188928K, 100% used [0x00000000e0000000,0x00000000eb880000,0x00000000eb880000)
  from space 15872K, 57% used [0x00000000ec900000,0x00000000ed1e2e60,0x00000000ed880000)
  to   space 16896K, 0% used [0x00000000eb880000,0x00000000eb880000,0x00000000ec900000)
 ParOldGen       total 147456K, used 80382K [0x00000000a0000000, 0x00000000a9000000, 0x00000000e0000000)
  object space 147456K, 54% used [0x00000000a0000000,0x00000000a4e7fa18,0x00000000a9000000)
 Metaspace       used 63088K, capacity 64760K, committed 65048K, reserved 1105920K
  class space    used 8071K, capacity 8450K, committed 8480K, reserved 1048576K
Event: 101.922 GC heap after
Heap after GC invocations=29 (full 4):
 PSYoungGen      total 205824K, used 16869K [0x00000000e0000000, 0x00000000ede80000, 0x0000000100000000)
  eden space 188928K, 0% used [0x00000000e0000000,0x00000000e0000000,0x00000000eb880000)
  from space 16896K, 99% used [0x00000000eb880000,0x00000000ec8f97a8,0x00000000ec900000)
  to   space 15872K, 0% used [0x00000000ec900000,0x00000000ec900000,0x00000000ed880000)
 ParOldGen       total 147456K, used 97572K [0x00000000a0000000, 0x00000000a9000000, 0x00000000e0000000)
  object space 147456K, 66% used [0x00000000a0000000,0x00000000a5f492c8,0x00000000a9000000)
 Metaspace       used 63088K, capacity 64760K, committed 65048K, reserved 1105920K
  class space    used 8071K, capacity 8450K, committed 8480K, reserved 1048576K
}
Event: 102.950 GC heap before
{Heap before GC invocations=30 (full 4):
 PSYoungGen      total 205824K, used 205797K [0x00000000e0000000, 0x00000000ede80000, 0x0000000100000000)
  eden space 188928K, 100% used [0x00000000e0000000,0x00000000eb880000,0x00000000eb880000)
  from space 16896K, 99% used [0x00000000eb880000,0x00000000ec8f97a8,0x00000000ec900000)
  to   space 15872K, 0% used [0x00000000ec900000,0x00000000ec900000,0x00000000ed880000)
 ParOldGen       total 147456K, used 97572K [0x00000000a0000000, 0x00000000a9000000, 0x00000000e0000000)
  object space 147456K, 66% used [0x00000000a0000000,0x00000000a5f492c8,0x00000000a9000000)
 Metaspace       used 63134K, capacity 64824K, committed 65048K, reserved 1105920K
  class space    used 8071K, capacity 8450K, committed 8480K, reserved 1048576K
Event: 103.050 GC heap after
Heap after GC invocations=30 (full 4):
 PSYoungGen      total 204800K, used 15842K [0x00000000e0000000, 0x00000000ede80000, 0x0000000100000000)
  eden space 188928K, 0% used [0x00000000e0000000,0x00000000e0000000,0x00000000eb880000)
  from space 15872K, 99% used [0x00000000ec900000,0x00000000ed878940,0x00000000ed880000)
  to   space 16896K, 0% used [0x00000000eb880000,0x00000000eb880000,0x00000000ec900000)
 ParOldGen       total 147456K, used 127157K [0x00000000a0000000, 0x00000000a9000000, 0x00000000e0000000)
  object space 147456K, 86% used [0x00000000a0000000,0x00000000a7c2d790,0x00000000a9000000)
 Metaspace       used 63134K, capacity 64824K, committed 65048K, reserved 1105920K
  class space    used 8071K, capacity 8450K, committed 8480K, reserved 1048576K
}
Event: 103.050 GC heap before
{Heap before GC invocations=31 (full 5):
 PSYoungGen      total 204800K, used 15842K [0x00000000e0000000, 0x00000000ede80000, 0x0000000100000000)
  eden space 188928K, 0% used [0x00000000e0000000,0x00000000e0000000,0x00000000eb880000)
  from space 15872K, 99% used [0x00000000ec900000,0x00000000ed878940,0x00000000ed880000)
  to   space 16896K, 0% used [0x00000000eb880000,0x00000000eb880000,0x00000000ec900000)
 ParOldGen       total 147456K, used 127157K [0x00000000a0000000, 0x00000000a9000000, 0x00000000e0000000)
  object space 147456K, 86% used [0x00000000a0000000,0x00000000a7c2d790,0x00000000a9000000)
 Metaspace       used 63134K, capacity 64824K, committed 65048K, reserved 1105920K
  class space    used 8071K, capacity 8450K, committed 8480K, reserved 1048576K
Event: 104.109 GC heap after
Heap after GC invocations=31 (full 5):
 PSYoungGen      total 204800K, used 0K [0x00000000e0000000, 0x00000000ede80000, 0x0000000100000000)
  eden space 188928K, 0% used [0x00000000e0000000,0x00000000e0000000,0x00000000eb880000)
  from space 15872K, 0% used [0x00000000ec900000,0x00000000ec900000,0x00000000ed880000)
  to   space 16896K, 0% used [0x00000000eb880000,0x00000000eb880000,0x00000000ec900000)
 ParOldGen       total 215552K, used 125638K [0x00000000a0000000, 0x00000000ad280000, 0x00000000e0000000)
  object space 215552K, 58% used [0x00000000a0000000,0x00000000a7ab18b8,0x00000000ad280000)
 Metaspace       used 63134K, capacity 64824K, committed 65048K, reserved 1105920K
  class space    used 8071K, capacity 8450K, committed 8480K, reserved 1048576K
}
Event: 105.336 GC heap before
{Heap before GC invocations=32 (full 5):
 PSYoungGen      total 204800K, used 188928K [0x00000000e0000000, 0x00000000ede80000, 0x0000000100000000)
  eden space 188928K, 100% used [0x00000000e0000000,0x00000000eb880000,0x00000000eb880000)
  from space 15872K, 0% used [0x00000000ec900000,0x00000000ec900000,0x00000000ed880000)
  to   space 16896K, 0% used [0x00000000eb880000,0x00000000eb880000,0x00000000ec900000)
 ParOldGen       total 215552K, used 125638K [0x00000000a0000000, 0x00000000ad280000, 0x00000000e0000000)
  object space 215552K, 58% used [0x00000000a0000000,0x00000000a7ab18b8,0x00000000ad280000)
 Metaspace       used 63153K, capacity 64824K, committed 65048K, reserved 1105920K
  class space    used 8071K, capacity 8450K, committed 8480K, reserved 1048576K
Event: 105.396 GC heap after
Heap after GC invocations=32 (full 5):
 PSYoungGen      total 205824K, used 16892K [0x00000000e0000000, 0x00000000f2f00000, 0x0000000100000000)
  eden space 188928K, 0% used [0x00000000e0000000,0x00000000e0000000,0x00000000eb880000)
  from space 16896K, 99% used [0x00000000eb880000,0x00000000ec8ff368,0x00000000ec900000)
  to   space 51200K, 0% used [0x00000000efd00000,0x00000000efd00000,0x00000000f2f00000)
 ParOldGen       total 215552K, used 138130K [0x00000000a0000000, 0x00000000ad280000, 0x00000000e0000000)
  object space 215552K, 64% used [0x00000000a0000000,0x00000000a86e4aa8,0x00000000ad280000)
 Metaspace       used 63153K, capacity 64824K, committed 65048K, reserved 1105920K
  class space    used 8071K, capacity 8450K, committed 8480K, reserved 1048576K
}

